<?xml version="1.0" encoding="UTF-8"?>
<!-- Generated by org.testng.reporters.JUnitReportReporter -->
<testsuite hostname="VKT" failures="0" tests="2" name="cucumberOptions.TestNGRunner" time="43.613" errors="0" timestamp="2024-04-04T09:53:25 BST" skipped="0">
  <testcase classname="cucumberOptions.TestNGRunner" name="runScenario" time="21.865"/>
  <testcase classname="cucumberOptions.TestNGRunner" name="runScenario" time="21.748"/>
</testsuite> <!-- cucumberOptions.TestNGRunner -->
